<?xml version="1.0" encoding="UTF-8"?>
<!-- Generated by org.testng.reporters.JUnitXMLReporter -->
<testsuite hostname="LAPTOP-LUAOCDJJ" ignored="9" name="Add New Stock-New Stock It-1" tests="1" failures="0" timestamp="2024-12-11T15:50:05 EST" time="1.228" errors="0">
  <testcase name="addFreshStock" time="0.0" classname="testcases.rediff.StockManagement">
    <skipped/>
  </testcase> <!-- addFreshStock -->
  <testcase name="selectPortfolio" time="0.0" classname="testcases.rediff.PortfolioManagement">
    <ignored/>
  </testcase> <!-- selectPortfolio -->
  <testcase name="@BeforeTest beforeTest" time="0.0" classname="testbase.BaseTest">
    <ignored/>
  </testcase> <!-- @BeforeTest beforeTest -->
  <testcase name="verifyStockInList" time="0.0" classname="testcases.rediff.StockManagement">
    <ignored/>
  </testcase> <!-- verifyStockInList -->
  <testcase name="deletePortfolio" time="0.0" classname="testcases.rediff.PortfolioManagement">
    <ignored/>
  </testcase> <!-- deletePortfolio -->
  <testcase name="modifyStock" time="0.0" classname="testcases.rediff.StockManagement">
    <ignored/>
  </testcase> <!-- modifyStock -->
  <testcase name="@AfterTest quit" time="0.0" classname="testbase.BaseTest">
    <ignored/>
  </testcase> <!-- @AfterTest quit -->
  <testcase name="verifyQuantity" time="0.0" classname="testcases.rediff.StockManagement">
    <ignored/>
  </testcase> <!-- verifyQuantity -->
  <testcase name="verifyTransactionHistory" time="0.0" classname="testcases.rediff.StockManagement">
    <ignored/>
  </testcase> <!-- verifyTransactionHistory -->
  <testcase name="createPortfolio" time="0.0" classname="testcases.rediff.PortfolioManagement">
    <ignored/>
  </testcase> <!-- createPortfolio -->
</testsuite> <!-- Add New Stock-New Stock It-1 -->
