<?xml version="1.0" encoding="UTF-8"?>
<testng-results skipped="2" failed="0" ignored="18" total="20" passed="0">
  <reporter-output>
  </reporter-output>
  <suite name="Stock Suite" duration-ms="1486" started-at="2024-12-11T15:50:04 EST" finished-at="2024-12-11T15:50:05 EST">
    <groups>
    </groups>
    <test name="Add New Stock-New Stock It-1" duration-ms="1228" started-at="2024-12-11T15:50:04 EST" finished-at="2024-12-11T15:50:05 EST">
      <class name="testcases.rediff.PortfolioManagement">
        <test-method status="FAIL" signature="beforeTest(org.testng.ITestContext)[pri:0, instance:testcases.rediff.PortfolioManagement@19f6db4a]" name="beforeTest" is-config="true" duration-ms="351" started-at="2024-12-11T15:50:04 EST" finished-at="2024-12-11T15:50:04 EST">
          <params>
            <param index="0">
              <value>
                <![CDATA[org.testng.TestRunner@75d2f7e7]]>
              </value>
            </param>
          </params>
          <exception class="java.lang.UnsupportedClassVersionError">
            <message>
              <![CDATA[org/openqa/selenium/Capabilities has been compiled by a more recent version of the Java Runtime (class file version 55.0), this version of the Java Runtime only recognizes class file versions up to 52.0]]>
            </message>
            <full-stacktrace>
              <![CDATA[java.lang.UnsupportedClassVersionError: org/openqa/selenium/Capabilities has been compiled by a more recent version of the Java Runtime (class file version 55.0), this version of the Java Runtime only recognizes class file versions up to 52.0
at java.lang.ClassLoader.defineClass1(Native Method)
at java.lang.ClassLoader.defineClass(ClassLoader.java:763)
at java.security.SecureClassLoader.defineClass(SecureClassLoader.java:142)
at java.net.URLClassLoader.defineClass(URLClassLoader.java:467)
at java.net.URLClassLoader.access$100(URLClassLoader.java:73)
at java.net.URLClassLoader$1.run(URLClassLoader.java:368)
at java.net.URLClassLoader$1.run(URLClassLoader.java:362)
at java.security.AccessController.doPrivileged(Native Method)
at java.net.URLClassLoader.findClass(URLClassLoader.java:361)
at org.codehaus.mojo.exec.URLClassLoaderBuilder$ExecJavaClassLoader.loadClass(URLClassLoaderBuilder.java:173)
at java.lang.ClassLoader.loadClass(ClassLoader.java:357)
at testbase.BaseTest.beforeTest(BaseTest.java:67)
at sun.reflect.NativeMethodAccessorImpl.invoke0(Native Method)
at sun.reflect.NativeMethodAccessorImpl.invoke(NativeMethodAccessorImpl.java:62)
at sun.reflect.DelegatingMethodAccessorImpl.invoke(DelegatingMethodAccessorImpl.java:43)
at java.lang.reflect.Method.invoke(Method.java:498)
at org.testng.internal.MethodInvocationHelper.invokeMethod(MethodInvocationHelper.java:133)
at org.testng.internal.MethodInvocationHelper.invokeMethodConsideringTimeout(MethodInvocationHelper.java:62)
at org.testng.internal.ConfigInvoker.invokeConfigurationMethod(ConfigInvoker.java:340)
at org.testng.internal.ConfigInvoker.invokeConfigurations(ConfigInvoker.java:294)
at org.testng.TestRunner.invokeTestConfigurations(TestRunner.java:623)
at org.testng.TestRunner.beforeRun(TestRunner.java:613)
at org.testng.TestRunner.run(TestRunner.java:584)
at org.testng.SuiteRunner.runTest(SuiteRunner.java:402)
at org.testng.SuiteRunner.runSequentially(SuiteRunner.java:396)
at org.testng.SuiteRunner.privateRun(SuiteRunner.java:355)
at org.testng.SuiteRunner.run(SuiteRunner.java:304)
at org.testng.SuiteRunnerWorker.runSuite(SuiteRunnerWorker.java:53)
at org.testng.SuiteRunnerWorker.run(SuiteRunnerWorker.java:96)
at org.testng.TestNG.runSuitesSequentially(TestNG.java:1180)
at org.testng.TestNG.runSuitesLocally(TestNG.java:1102)
at org.testng.TestNG.runSuites(TestNG.java:1032)
at org.testng.TestNG.run(TestNG.java:1000)
at runner.TestNGRunner.run(TestNGRunner.java:86)
at runner.JSONRunner.main(JSONRunner.java:118)
at org.codehaus.mojo.exec.ExecJavaMojo.doMain(ExecJavaMojo.java:375)
at org.codehaus.mojo.exec.ExecJavaMojo.doExec(ExecJavaMojo.java:364)
at org.codehaus.mojo.exec.ExecJavaMojo.lambda$execute$0(ExecJavaMojo.java:286)
at java.lang.Thread.run(Thread.java:745)
]]>
            </full-stacktrace>
          </exception> <!-- java.lang.UnsupportedClassVersionError -->
          <reporter-output>
          </reporter-output>
        </test-method> <!-- beforeTest -->
        <test-method status="PASS" signature="quit(org.testng.ITestContext)[pri:0, instance:testcases.rediff.PortfolioManagement@19f6db4a]" name="quit" is-config="true" duration-ms="779" started-at="2024-12-11T15:50:04 EST" finished-at="2024-12-11T15:50:05 EST">
          <params>
            <param index="0">
              <value>
                <![CDATA[org.testng.TestRunner@75d2f7e7]]>
              </value>
            </param>
          </params>
          <reporter-output>
          </reporter-output>
        </test-method> <!-- quit -->
      </class> <!-- testcases.rediff.PortfolioManagement -->
      <class name="testcases.rediff.StockManagement">
        <test-method status="PASS" signature="beforeMethod(org.testng.ITestContext)[pri:0, instance:testcases.rediff.StockManagement@1924d089]" name="beforeMethod" is-config="true" duration-ms="5" started-at="2024-12-11T15:50:04 EST" finished-at="2024-12-11T15:50:04 EST">
          <params>
            <param index="0">
              <value>
                <![CDATA[org.testng.TestRunner@75d2f7e7]]>
              </value>
            </param>
          </params>
          <reporter-output>
          </reporter-output>
        </test-method> <!-- beforeMethod -->
        <test-method status="SKIP" signature="addFreshStock(org.testng.ITestContext)[pri:0, instance:testcases.rediff.StockManagement@1924d089]" name="addFreshStock" duration-ms="0" started-at="2024-12-11T15:50:04 EST" finished-at="2024-12-11T15:50:04 EST">
          <exception class="java.lang.UnsupportedClassVersionError">
            <message>
              <![CDATA[org/openqa/selenium/Capabilities has been compiled by a more recent version of the Java Runtime (class file version 55.0), this version of the Java Runtime only recognizes class file versions up to 52.0]]>
            </message>
            <full-stacktrace>
              <![CDATA[java.lang.UnsupportedClassVersionError: org/openqa/selenium/Capabilities has been compiled by a more recent version of the Java Runtime (class file version 55.0), this version of the Java Runtime only recognizes class file versions up to 52.0
at java.lang.ClassLoader.defineClass1(Native Method)
at java.lang.ClassLoader.defineClass(ClassLoader.java:763)
at java.security.SecureClassLoader.defineClass(SecureClassLoader.java:142)
at java.net.URLClassLoader.defineClass(URLClassLoader.java:467)
at java.net.URLClassLoader.access$100(URLClassLoader.java:73)
at java.net.URLClassLoader$1.run(URLClassLoader.java:368)
at java.net.URLClassLoader$1.run(URLClassLoader.java:362)
at java.security.AccessController.doPrivileged(Native Method)
at java.net.URLClassLoader.findClass(URLClassLoader.java:361)
at org.codehaus.mojo.exec.URLClassLoaderBuilder$ExecJavaClassLoader.loadClass(URLClassLoaderBuilder.java:173)
at java.lang.ClassLoader.loadClass(ClassLoader.java:357)
at testbase.BaseTest.beforeTest(BaseTest.java:67)
at sun.reflect.NativeMethodAccessorImpl.invoke0(Native Method)
at sun.reflect.NativeMethodAccessorImpl.invoke(NativeMethodAccessorImpl.java:62)
at sun.reflect.DelegatingMethodAccessorImpl.invoke(DelegatingMethodAccessorImpl.java:43)
at java.lang.reflect.Method.invoke(Method.java:498)
at org.testng.internal.MethodInvocationHelper.invokeMethod(MethodInvocationHelper.java:133)
at org.testng.internal.MethodInvocationHelper.invokeMethodConsideringTimeout(MethodInvocationHelper.java:62)
at org.testng.internal.ConfigInvoker.invokeConfigurationMethod(ConfigInvoker.java:340)
at org.testng.internal.ConfigInvoker.invokeConfigurations(ConfigInvoker.java:294)
at org.testng.TestRunner.invokeTestConfigurations(TestRunner.java:623)
at org.testng.TestRunner.beforeRun(TestRunner.java:613)
at org.testng.TestRunner.run(TestRunner.java:584)
at org.testng.SuiteRunner.runTest(SuiteRunner.java:402)
at org.testng.SuiteRunner.runSequentially(SuiteRunner.java:396)
at org.testng.SuiteRunner.privateRun(SuiteRunner.java:355)
at org.testng.SuiteRunner.run(SuiteRunner.java:304)
at org.testng.SuiteRunnerWorker.runSuite(SuiteRunnerWorker.java:53)
at org.testng.SuiteRunnerWorker.run(SuiteRunnerWorker.java:96)
at org.testng.TestNG.runSuitesSequentially(TestNG.java:1180)
at org.testng.TestNG.runSuitesLocally(TestNG.java:1102)
at org.testng.TestNG.runSuites(TestNG.java:1032)
at org.testng.TestNG.run(TestNG.java:1000)
at runner.TestNGRunner.run(TestNGRunner.java:86)
at runner.JSONRunner.main(JSONRunner.java:118)
at org.codehaus.mojo.exec.ExecJavaMojo.doMain(ExecJavaMojo.java:375)
at org.codehaus.mojo.exec.ExecJavaMojo.doExec(ExecJavaMojo.java:364)
at org.codehaus.mojo.exec.ExecJavaMojo.lambda$execute$0(ExecJavaMojo.java:286)
at java.lang.Thread.run(Thread.java:745)
]]>
            </full-stacktrace>
          </exception> <!-- java.lang.UnsupportedClassVersionError -->
          <reporter-output>
          </reporter-output>
        </test-method> <!-- addFreshStock -->
      </class> <!-- testcases.rediff.StockManagement -->
    </test> <!-- Add New Stock-New Stock It-1 -->
    <test name="Add New Stock-New Stock It-2" duration-ms="166" started-at="2024-12-11T15:50:05 EST" finished-at="2024-12-11T15:50:05 EST">
      <class name="testcases.rediff.PortfolioManagement">
        <test-method status="FAIL" signature="beforeTest(org.testng.ITestContext)[pri:0, instance:testcases.rediff.PortfolioManagement@6c75d566]" name="beforeTest" is-config="true" duration-ms="9" started-at="2024-12-11T15:50:05 EST" finished-at="2024-12-11T15:50:05 EST">
          <params>
            <param index="0">
              <value>
                <![CDATA[org.testng.TestRunner@1cf376fa]]>
              </value>
            </param>
          </params>
          <exception class="java.lang.UnsupportedClassVersionError">
            <message>
              <![CDATA[org/openqa/selenium/Capabilities has been compiled by a more recent version of the Java Runtime (class file version 55.0), this version of the Java Runtime only recognizes class file versions up to 52.0]]>
            </message>
            <full-stacktrace>
              <![CDATA[java.lang.UnsupportedClassVersionError: org/openqa/selenium/Capabilities has been compiled by a more recent version of the Java Runtime (class file version 55.0), this version of the Java Runtime only recognizes class file versions up to 52.0
at java.lang.ClassLoader.defineClass1(Native Method)
at java.lang.ClassLoader.defineClass(ClassLoader.java:763)
at java.security.SecureClassLoader.defineClass(SecureClassLoader.java:142)
at java.net.URLClassLoader.defineClass(URLClassLoader.java:467)
at java.net.URLClassLoader.access$100(URLClassLoader.java:73)
at java.net.URLClassLoader$1.run(URLClassLoader.java:368)
at java.net.URLClassLoader$1.run(URLClassLoader.java:362)
at java.security.AccessController.doPrivileged(Native Method)
at java.net.URLClassLoader.findClass(URLClassLoader.java:361)
at org.codehaus.mojo.exec.URLClassLoaderBuilder$ExecJavaClassLoader.loadClass(URLClassLoaderBuilder.java:173)
at java.lang.ClassLoader.loadClass(ClassLoader.java:357)
at testbase.BaseTest.beforeTest(BaseTest.java:67)
at sun.reflect.NativeMethodAccessorImpl.invoke0(Native Method)
at sun.reflect.NativeMethodAccessorImpl.invoke(NativeMethodAccessorImpl.java:62)
at sun.reflect.DelegatingMethodAccessorImpl.invoke(DelegatingMethodAccessorImpl.java:43)
at java.lang.reflect.Method.invoke(Method.java:498)
at org.testng.internal.MethodInvocationHelper.invokeMethod(MethodInvocationHelper.java:133)
at org.testng.internal.MethodInvocationHelper.invokeMethodConsideringTimeout(MethodInvocationHelper.java:62)
at org.testng.internal.ConfigInvoker.invokeConfigurationMethod(ConfigInvoker.java:340)
at org.testng.internal.ConfigInvoker.invokeConfigurations(ConfigInvoker.java:294)
at org.testng.TestRunner.invokeTestConfigurations(TestRunner.java:623)
at org.testng.TestRunner.beforeRun(TestRunner.java:613)
at org.testng.TestRunner.run(TestRunner.java:584)
at org.testng.SuiteRunner.runTest(SuiteRunner.java:402)
at org.testng.SuiteRunner.runSequentially(SuiteRunner.java:396)
at org.testng.SuiteRunner.privateRun(SuiteRunner.java:355)
at org.testng.SuiteRunner.run(SuiteRunner.java:304)
at org.testng.SuiteRunnerWorker.runSuite(SuiteRunnerWorker.java:53)
at org.testng.SuiteRunnerWorker.run(SuiteRunnerWorker.java:96)
at org.testng.TestNG.runSuitesSequentially(TestNG.java:1180)
at org.testng.TestNG.runSuitesLocally(TestNG.java:1102)
at org.testng.TestNG.runSuites(TestNG.java:1032)
at org.testng.TestNG.run(TestNG.java:1000)
at runner.TestNGRunner.run(TestNGRunner.java:86)
at runner.JSONRunner.main(JSONRunner.java:118)
at org.codehaus.mojo.exec.ExecJavaMojo.doMain(ExecJavaMojo.java:375)
at org.codehaus.mojo.exec.ExecJavaMojo.doExec(ExecJavaMojo.java:364)
at org.codehaus.mojo.exec.ExecJavaMojo.lambda$execute$0(ExecJavaMojo.java:286)
at java.lang.Thread.run(Thread.java:745)
]]>
            </full-stacktrace>
          </exception> <!-- java.lang.UnsupportedClassVersionError -->
          <reporter-output>
          </reporter-output>
        </test-method> <!-- beforeTest -->
        <test-method status="PASS" signature="quit(org.testng.ITestContext)[pri:0, instance:testcases.rediff.PortfolioManagement@6c75d566]" name="quit" is-config="true" duration-ms="148" started-at="2024-12-11T15:50:05 EST" finished-at="2024-12-11T15:50:05 EST">
          <params>
            <param index="0">
              <value>
                <![CDATA[org.testng.TestRunner@1cf376fa]]>
              </value>
            </param>
          </params>
          <reporter-output>
          </reporter-output>
        </test-method> <!-- quit -->
      </class> <!-- testcases.rediff.PortfolioManagement -->
      <class name="testcases.rediff.StockManagement">
        <test-method status="PASS" signature="beforeMethod(org.testng.ITestContext)[pri:0, instance:testcases.rediff.StockManagement@1788a873]" name="beforeMethod" is-config="true" duration-ms="1" started-at="2024-12-11T15:50:05 EST" finished-at="2024-12-11T15:50:05 EST">
          <params>
            <param index="0">
              <value>
                <![CDATA[org.testng.TestRunner@1cf376fa]]>
              </value>
            </param>
          </params>
          <reporter-output>
          </reporter-output>
        </test-method> <!-- beforeMethod -->
        <test-method status="SKIP" signature="addFreshStock(org.testng.ITestContext)[pri:0, instance:testcases.rediff.StockManagement@1788a873]" name="addFreshStock" duration-ms="0" started-at="2024-12-11T15:50:05 EST" finished-at="2024-12-11T15:50:05 EST">
          <exception class="java.lang.UnsupportedClassVersionError">
            <message>
              <![CDATA[org/openqa/selenium/Capabilities has been compiled by a more recent version of the Java Runtime (class file version 55.0), this version of the Java Runtime only recognizes class file versions up to 52.0]]>
            </message>
            <full-stacktrace>
              <![CDATA[java.lang.UnsupportedClassVersionError: org/openqa/selenium/Capabilities has been compiled by a more recent version of the Java Runtime (class file version 55.0), this version of the Java Runtime only recognizes class file versions up to 52.0
at java.lang.ClassLoader.defineClass1(Native Method)
at java.lang.ClassLoader.defineClass(ClassLoader.java:763)
at java.security.SecureClassLoader.defineClass(SecureClassLoader.java:142)
at java.net.URLClassLoader.defineClass(URLClassLoader.java:467)
at java.net.URLClassLoader.access$100(URLClassLoader.java:73)
at java.net.URLClassLoader$1.run(URLClassLoader.java:368)
at java.net.URLClassLoader$1.run(URLClassLoader.java:362)
at java.security.AccessController.doPrivileged(Native Method)
at java.net.URLClassLoader.findClass(URLClassLoader.java:361)
at org.codehaus.mojo.exec.URLClassLoaderBuilder$ExecJavaClassLoader.loadClass(URLClassLoaderBuilder.java:173)
at java.lang.ClassLoader.loadClass(ClassLoader.java:357)
at testbase.BaseTest.beforeTest(BaseTest.java:67)
at sun.reflect.NativeMethodAccessorImpl.invoke0(Native Method)
at sun.reflect.NativeMethodAccessorImpl.invoke(NativeMethodAccessorImpl.java:62)
at sun.reflect.DelegatingMethodAccessorImpl.invoke(DelegatingMethodAccessorImpl.java:43)
at java.lang.reflect.Method.invoke(Method.java:498)
at org.testng.internal.MethodInvocationHelper.invokeMethod(MethodInvocationHelper.java:133)
at org.testng.internal.MethodInvocationHelper.invokeMethodConsideringTimeout(MethodInvocationHelper.java:62)
at org.testng.internal.ConfigInvoker.invokeConfigurationMethod(ConfigInvoker.java:340)
at org.testng.internal.ConfigInvoker.invokeConfigurations(ConfigInvoker.java:294)
at org.testng.TestRunner.invokeTestConfigurations(TestRunner.java:623)
at org.testng.TestRunner.beforeRun(TestRunner.java:613)
at org.testng.TestRunner.run(TestRunner.java:584)
at org.testng.SuiteRunner.runTest(SuiteRunner.java:402)
at org.testng.SuiteRunner.runSequentially(SuiteRunner.java:396)
at org.testng.SuiteRunner.privateRun(SuiteRunner.java:355)
at org.testng.SuiteRunner.run(SuiteRunner.java:304)
at org.testng.SuiteRunnerWorker.runSuite(SuiteRunnerWorker.java:53)
at org.testng.SuiteRunnerWorker.run(SuiteRunnerWorker.java:96)
at org.testng.TestNG.runSuitesSequentially(TestNG.java:1180)
at org.testng.TestNG.runSuitesLocally(TestNG.java:1102)
at org.testng.TestNG.runSuites(TestNG.java:1032)
at org.testng.TestNG.run(TestNG.java:1000)
at runner.TestNGRunner.run(TestNGRunner.java:86)
at runner.JSONRunner.main(JSONRunner.java:118)
at org.codehaus.mojo.exec.ExecJavaMojo.doMain(ExecJavaMojo.java:375)
at org.codehaus.mojo.exec.ExecJavaMojo.doExec(ExecJavaMojo.java:364)
at org.codehaus.mojo.exec.ExecJavaMojo.lambda$execute$0(ExecJavaMojo.java:286)
at java.lang.Thread.run(Thread.java:745)
]]>
            </full-stacktrace>
          </exception> <!-- java.lang.UnsupportedClassVersionError -->
          <reporter-output>
          </reporter-output>
        </test-method> <!-- addFreshStock -->
      </class> <!-- testcases.rediff.StockManagement -->
    </test> <!-- Add New Stock-New Stock It-2 -->
  </suite> <!-- Stock Suite -->
</testng-results>
